index.html:19 Not Prime Number.
index.html:43 2
index.html:43 3
index.html:43 5
index.html:43 7
index.html:43 11
index.html:43 13
index.html:43 17
index.html:43 19
index.html:43 23
index.html:43 29
index.html:43 31
index.html:43 37
index.html:43 41
index.html:43 43
index.html:43 47
index.html:43 53
index.html:43 59
index.html:43 61
index.html:43 67
index.html:43 71
index.html:43 73
index.html:43 79
index.html:43 83
index.html:43 89
index.html:43 97
index.html:66 Sum Of Prime Numbers : 4169
index.html:76 Sum of digits : 10
index.html:88 Lucky Number : 1
index.html:99 Not Armstrong
index.html:109 Reverse Number : 4321
index.html:120 Not Palindrome
index.html:130 Lucky Number : 1
index.html:130 Lucky Number : 9
index.html:130 Lucky Number : 9
index.html:130 Lucky Number : 9
index.html:130 Lucky Number : 9
index.html:130 Lucky Number : 9
index.html:130 Lucky Number : 9
index.html:130 Lucky Number : 9
index.html:130 Lucky Number : 9
index.html:130 Lucky Number : 1
index.html:130 Lucky Number : 9
index.html:130 Lucky Number : 9
index.html:130 Lucky Number : 9
index.html:130 Lucky Number : 9
index.html:130 Lucky Number : 9
index.html:130 Lucky Number : 9
index.html:130 Lucky Number : 9
index.html:130 Lucky Number : 9
index.html:130 Lucky Number : 1
index.html:130 Lucky Number : 9
index.html:130 Lucky Number : 9
index.html:130 Lucky Number : 9
index.html:130 Lucky Number : 9
index.html:130 Lucky Number : 9
index.html:130 Lucky Number : 9
index.html:130 Lucky Number : 9
index.html:130 Lucky Number : 9
index.html:130 Lucky Number : 1
index.html:130 Lucky Number : 9
index.html:130 Lucky Number : 9
index.html:130 Lucky Number : 9
index.html:130 Lucky Number : 9
index.html:130 Lucky Number : 9
index.html:130 Lucky Number : 9
index.html:130 Lucky Number : 9
index.html:130 Lucky Number : 9
index.html:130 Lucky Number : 1
index.html:130 Lucky Number : 9
index.html:130 Lucky Number : 9
index.html:130 Lucky Number : 9
index.html:130 Lucky Number : 9
index.html:130 Lucky Number : 9
index.html:130 Lucky Number : 9
index.html:130 Lucky Number : 9
index.html:130 Lucky Number : 9
index.html:130 Lucky Number : 1
index.html:130 Lucky Number : 9
index.html:130 Lucky Number : 9
index.html:130 Lucky Number : 9
index.html:130 Lucky Number : 9
index.html:130 Lucky Number : 9
index.html:130 Lucky Number : 9
index.html:130 Lucky Number : 9
index.html:130 Lucky Number : 9
index.html:130 Lucky Number : 1
index.html:130 Lucky Number : 9
index.html:130 Lucky Number : 9
index.html:130 Lucky Number : 9
index.html:130 Lucky Number : 9
index.html:130 Lucky Number : 9
index.html:130 Lucky Number : 9
index.html:130 Lucky Number : 9
index.html:130 Lucky Number : 9
index.html:130 Lucky Number : 1
index.html:130 Lucky Number : 9
index.html:130 Lucky Number : 9
index.html:130 Lucky Number : 9
index.html:130 Lucky Number : 9
index.html:130 Lucky Number : 9
index.html:130 Lucky Number : 9
index.html:130 Lucky Number : 9
index.html:130 Lucky Number : 9
index.html:130 Lucky Number : 1
index.html:130 Lucky Number : 9
index.html:130 Lucky Number : 9
index.html:130 Lucky Number : 9
index.html:130 Lucky Number : 9
index.html:130 Lucky Number : 9
index.html:130 Lucky Number : 9
index.html:130 Lucky Number : 9
index.html:130 Lucky Number : 9
index.html:130 Lucky Number : 1
index.html:130 Lucky Number : 9
index.html:130 Lucky Number : 9
index.html:130 Lucky Number : 9
index.html:130 Lucky Number : 9
index.html:130 Lucky Number : 9
index.html:130 Lucky Number : 9
index.html:130 Lucky Number : 9
index.html:130 Lucky Number : 9
index.html:130 Lucky Number : 1
index.html:130 Lucky Number : 9
index.html:130 Lucky Number : 9
index.html:130 Lucky Number : 9
index.html:130 Lucky Number : 9
index.html:130 Lucky Number : 9
index.html:130 Lucky Number : 9
index.html:130 Lucky Number : 9
index.html:130 Lucky Number : 9
index.html:130 Lucky Number : 1
index.html:130 Lucky Number : 9
index.html:130 Lucky Number : 9
index.html:130 Lucky Number : 9
index.html:130 Lucky Number : 9
index.html:130 Lucky Number : 9
index.html:130 Lucky Number : 9
index.html:130 Lucky Number : 9
index.html:130 Lucky Number : 9
index.html:130 Lucky Number : 1
index.html:130 Lucky Number : 9
index.html:130 Lucky Number : 9
index.html:130 Lucky Number : 9
index.html:130 Lucky Number : 9
index.html:130 Lucky Number : 9
index.html:130 Lucky Number : 9
index.html:130 Lucky Number : 9
index.html:130 Lucky Number : 9
index.html:130 Lucky Number : 1
index.html:130 Lucky Number : 9
index.html:130 Lucky Number : 9
index.html:130 Lucky Number : 9
index.html:130 Lucky Number : 9
index.html:130 Lucky Number : 9
index.html:130 Lucky Number : 9
index.html:130 Lucky Number : 9
index.html:130 Lucky Number : 9
index.html:130 Lucky Number : 1
index.html:130 Lucky Number : 9
index.html:130 Lucky Number : 9
index.html:130 Lucky Number : 9
index.html:130 Lucky Number : 9
index.html:130 Lucky Number : 9
index.html:130 Lucky Number : 9
index.html:130 Lucky Number : 9
index.html:130 Lucky Number : 9
index.html:130 Lucky Number : 1
index.html:130 Lucky Number : 9
index.html:130 Lucky Number : 9
index.html:130 Lucky Number : 9
index.html:130 Lucky Number : 9
index.html:130 Lucky Number : 9
index.html:130 Lucky Number : 9
index.html:130 Lucky Number : 9
index.html:130 Lucky Number : 9
index.html:130 Lucky Number : 1
index.html:130 Lucky Number : 9
index.html:130 Lucky Number : 9
index.html:130 Lucky Number : 9
index.html:130 Lucky Number : 9
index.html:130 Lucky Number : 9
index.html:130 Lucky Number : 9
index.html:130 Lucky Number : 9
index.html:130 Lucky Number : 9
index.html:130 Lucky Number : 1
index.html:130 Lucky Number : 9
index.html:130 Lucky Number : 9
index.html:130 Lucky Number : 9
index.html:130 Lucky Number : 9
index.html:130 Lucky Number : 9
index.html:130 Lucky Number : 9
index.html:130 Lucky Number : 9
index.html:130 Lucky Number : 9
index.html:130 Lucky Number : 1
index.html:130 Lucky Number : 9
index.html:130 Lucky Number : 9
index.html:130 Lucky Number : 9
index.html:130 Lucky Number : 9
index.html:130 Lucky Number : 9
index.html:130 Lucky Number : 9
index.html:130 Lucky Number : 9
index.html:130 Lucky Number : 9
index.html:130 Lucky Number : 1
index.html:130 Lucky Number : 9
index.html:130 Lucky Number : 9
index.html:130 Lucky Number : 9
index.html:130 Lucky Number : 9
index.html:130 Lucky Number : 9
index.html:130 Lucky Number : 9
index.html:130 Lucky Number : 9
index.html:130 Lucky Number : 9
index.html:130 Lucky Number : 1
index.html:130 Lucky Number : 9
index.html:130 Lucky Number : 9
index.html:130 Lucky Number : 9
index.html:130 Lucky Number : 9
index.html:130 Lucky Number : 9
index.html:130 Lucky Number : 9
index.html:130 Lucky Number : 9
index.html:130 Lucky Number : 9
​ Lucky Number : 1
​ Lucky Number : 9
​ Lucky Number : 9
​ Lucky Number : 9
​ Lucky Number : 9
​ Lucky Number : 9
​ Lucky Number : 9
​ Lucky Number : 9
​ Lucky Number : 9
​ Lucky Number : 1
​ Lucky Number : 9
​ Lucky Number : 9
​ Lucky Number : 9
​ Lucky Number : 9
​ Lucky Number : 9
​ Lucky Number : 9
​ Lucky Number : 9
​ Lucky Number : 9
​ Lucky Number : 1
​ Lucky Number : 9
​ Lucky Number : 9
​ Lucky Number : 9
​ Lucky Number : 9
​ Lucky Number : 9
​ Lucky Number : 9
​ Lucky Number : 9
​ Lucky Number : 9
​ Lucky Number : 1
​ Lucky Number : 9
​ Lucky Number : 9
​ Lucky Number : 9
​ Lucky Number : 9
​ Lucky Number : 9
​ Lucky Number : 9
​ Lucky Number : 9
​ Lucky Number : 9
​ Lucky Number : 1
​ Lucky Number : 9
​ Lucky Number : 9
​ Lucky Number : 9
​ Lucky Number : 9
​ Lucky Number : 9
​ Lucky Number : 9
​ Lucky Number : 9
​ Lucky Number : 9
​ Lucky Number : 1
​ Lucky Number : 9
​ Lucky Number : 9
​ Lucky Number : 9
​ Lucky Number : 9
​ Lucky Number : 9
​ Lucky Number : 9
​ Lucky Number : 9
​ Lucky Number : 9
​ Lucky Number : 1
​ Lucky Number : 9
​ Lucky Number : 9
​ Lucky Number : 9
​ Lucky Number : 9
​ Lucky Number : 9
​ Lucky Number : 9
​ Lucky Number : 9
​ Lucky Number : 9
​ Lucky Number : 1
​ Lucky Number : 9
​ Lucky Number : 9
​ Lucky Number : 9
​ Lucky Number : 9
​ Lucky Number : 9
​ Lucky Number : 9
​ Lucky Number : 9
​ Lucky Number : 9
​ Lucky Number : 1
​ Lucky Number : 9
​ Lucky Number : 9
​ Lucky Number : 9
​ Lucky Number : 9
​ Lucky Number : 9
​ Lucky Number : 9
​ Lucky Number : 9
​ Lucky Number : 9
​ Lucky Number : 1
​ Lucky Number : 9
​ Lucky Number : 9
​ Lucky Number : 9
​ Lucky Number : 9
​ Lucky Number : 9
​ Lucky Number : 9
​ Lucky Number : 9
​ Lucky Number : 9
​ Lucky Number : 1
​ Lucky Number : 9
​ Lucky Number : 9
​ Lucky Number : 9
​ Lucky Number : 9
​ Lucky Number : 9
​ Lucky Number : 9
​ Lucky Number : 9
​ Lucky Number : 9
​ Lucky Number : 1
​ Lucky Number : 9
​ Lucky Number : 9
​ Lucky Number : 9
​ Lucky Number : 9
​ Lucky Number : 9
​ Lucky Number : 9
​ Lucky Number : 9
​ Lucky Number : 9
​ Lucky Number : 1
​ Lucky Number : 9
​ Lucky Number : 9
​ Lucky Number : 9
​ Lucky Number : 9
​ Lucky Number : 9
​ Lucky Number : 9
​ Lucky Number : 9
​ Lucky Number : 9
​ Lucky Number : 1
​ Lucky Number : 9
​ Lucky Number : 9
​ Lucky Number : 9
​ Lucky Number : 9
​ Lucky Number : 9
​ Lucky Number : 9
​ Lucky Number : 9
​ Lucky Number : 9
​ Lucky Number : 1
​ Lucky Number : 9
​ Lucky Number : 9
​ Lucky Number : 9
​ Lucky Number : 9
​ Lucky Number : 9
​ Lucky Number : 9
​ Lucky Number : 9
​ Lucky Number : 9
​ Lucky Number : 1
​ Lucky Number : 9
​ Lucky Number : 9
​ Lucky Number : 9
​ Lucky Number : 9
​ Lucky Number : 9
​ Lucky Number : 9
​ Lucky Number : 9
​ Lucky Number : 9
​ Lucky Number : 1
​ Lucky Number : 9
​ Lucky Number : 9
​ Lucky Number : 9
​ Lucky Number : 9
​ Lucky Number : 9
​ Lucky Number : 9
​ Lucky Number : 9
​ Lucky Number : 9
​ Lucky Number : 1
​ Lucky Number : 9
​ Lucky Number : 9
​ Lucky Number : 9
​ Lucky Number : 9
​ Lucky Number : 9
​ Lucky Number : 9
​ Lucky Number : 9
​ Lucky Number : 9
​ Lucky Number : 1
​ Lucky Number : 9
​ Lucky Number : 9
​ Lucky Number : 9
​ Lucky Number : 9
​ Lucky Number : 9
​ Lucky Number : 9
​ Lucky Number : 9
​ Lucky Number : 9
​ Lucky Number : 1
​ Lucky Number : 9
​ Lucky Number : 9
​ Lucky Number : 9
​ Lucky Number : 9
​ Lucky Number : 9
​ Lucky Number : 9
​ Lucky Number : 9
​ Lucky Number : 9
​ Lucky Number : 1
​ Lucky Number : 9
​ Lucky Number : 9
​ Lucky Number : 9
​ Lucky Number : 9
​ Lucky Number : 9
​ Lucky Number : 9
​ Lucky Number : 9
​ Lucky Number : 9
​ Lucky Number : 1
​ Lucky Number : 9
​ Lucky Number : 9
​ Lucky Number : 9
​ Lucky Number : 9
​ Lucky Number : 9
​ Lucky Number : 9
​ Lucky Number : 9
​ Lucky Number : 9
​ Lucky Number : 1
​ Lucky Number : 9
​ Lucky Number : 9
​ Lucky Number : 9
​ Lucky Number : 9
​ Lucky Number : 9
​ Lucky Number : 9
​ Lucky Number : 9
​ Lucky Number : 9
​ Lucky Number : 1
​ Lucky Number : 9
​ Lucky Number : 9
​ Lucky Number : 9
​ Lucky Number : 9
​ Lucky Number : 9
​ Lucky Number : 9
​ Lucky Number : 9
​ Lucky Number : 9
​ Lucky Number : 1
​ Lucky Number : 9
​ Lucky Number : 9
​ Lucky Number : 9
​ Lucky Number : 9
​ Lucky Number : 9
​ Lucky Number : 9
​ Lucky Number : 9
​ Lucky Number : 9
​ Lucky Number : 1
​ Lucky Number : 9
​ Lucky Number : 9
​ Lucky Number : 9
​ Lucky Number : 9
​ Lucky Number : 9
​ Lucky Number : 9
​ Lucky Number : 9
​ Lucky Number : 9
​ Lucky Number : 1
​ Lucky Number : 9
​ Lucky Number : 9
​ Lucky Number : 9
​ Lucky Number : 9
​ Lucky Number : 9
​ Lucky Number : 9
​ Lucky Number : 9
​ Lucky Number : 9
​ Lucky Number : 1
​ Lucky Number : 9
​ Lucky Number : 9
​ Lucky Number : 9
​ Lucky Number : 9
​ Lucky Number : 9
​ Lucky Number : 9
​ Lucky Number : 9
​ Lucky Number : 9
​ Lucky Number : 1
​ Lucky Number : 9
​ Lucky Number : 9
​ Lucky Number : 9
​ Lucky Number : 9
​ Lucky Number : 9
​ Lucky Number : 9
​ Lucky Number : 9
​ Lucky Number : 9
​ Lucky Number : 1
​ Lucky Number : 9
​ Lucky Number : 9
​ Lucky Number : 9
​ Lucky Number : 9
​ Lucky Number : 9
​ Lucky Number : 9
​ Lucky Number : 9
​ Lucky Number : 9
​ Lucky Number : 1
​ Lucky Number : 9
​ Lucky Number : 9
​ Lucky Number : 9
​ Lucky Number : 9
​ Lucky Number : 9
​ Lucky Number : 9
​ Lucky Number : 9
​ Lucky Number : 9
​ Lucky Number : 1
​ Lucky Number : 9
​ Lucky Number : 9
​ Lucky Number : 9
​ Lucky Number : 9
​ Lucky Number : 9
​ Lucky Number : 9
​ Lucky Number : 9
​ Lucky Number : 9
​ Lucky Number : 1
​ Lucky Number : 9
​ Lucky Number : 9
​ Lucky Number : 9
​ Lucky Number : 9
​ Lucky Number : 9
​ Lucky Number : 9
​ Lucky Number : 9
​ Lucky Number : 9
​ Lucky Number : 1
​ Lucky Number : 9
​ Lucky Number : 9
​ Lucky Number : 9
​ Lucky Number : 9
​ Lucky Number : 9
​ Lucky Number : 9
​ Lucky Number : 9
​ Lucky Number : 9
​ Lucky Number : 1
​ Lucky Number : 9
​ Lucky Number : 9
​ Lucky Number : 9
​ Lucky Number : 9
​ Lucky Number : 9
​ Lucky Number : 9
​ Lucky Number : 9
​ Lucky Number : 9
​ Lucky Number : 1
​ Lucky Number : 9
​ Lucky Number : 9
​ Lucky Number : 9
​ Lucky Number : 9
​ Lucky Number : 9
​ Lucky Number : 9
​ Lucky Number : 9
​ Lucky Number : 9
​ Lucky Number : 1
​ Lucky Number : 9
​ Lucky Number : 9
​ Lucky Number : 9
​ Lucky Number : 9
​ Lucky Number : 9
​ Lucky Number : 9
​ Lucky Number : 9
​ Lucky Number : 9
​ Lucky Number : 1
​ Lucky Number : 9
​ Lucky Number : 9
​ Lucky Number : 9
​ Lucky Number : 9
​ Lucky Number : 9
​ Lucky Number : 9
​ Lucky Number : 9
​ Lucky Number : 9
​ Lucky Number : 1
​ Lucky Number : 9
​ Lucky Number : 9
​ Lucky Number : 9
​ Lucky Number : 9
​ Lucky Number : 9
​ Lucky Number : 9
​ Lucky Number : 9
​ Lucky Number : 9
​ Lucky Number : 1
​ Lucky Number : 9
​ Lucky Number : 9
​ Lucky Number : 9
​ Lucky Number : 9
​ Lucky Number : 9
​ Lucky Number : 9
​ Lucky Number : 9
​ Lucky Number : 9
​ Lucky Number : 1
​ Lucky Number : 9
​ Lucky Number : 9
​ Lucky Number : 9
​ Lucky Number : 9
​ Lucky Number : 9
​ Lucky Number : 9
​ Lucky Number : 9
​ Lucky Number : 9
​ Lucky Number : 1
​ Lucky Number : 9
​ Lucky Number : 9
​ Lucky Number : 9
​ Lucky Number : 9
​ Lucky Number : 9
​ Lucky Number : 9
​ Lucky Number : 9
​ Lucky Number : 9
​ Lucky Number : 1
​ Lucky Number : 9
​ Lucky Number : 9
​ Lucky Number : 9
​ Lucky Number : 9
​ Lucky Number : 9
​ Lucky Number : 9
​ Lucky Number : 9
​ Lucky Number : 9
​ Lucky Number : 1
​ Lucky Number : 9
​ Lucky Number : 9
​ Lucky Number : 9
​ Lucky Number : 9
​ Lucky Number : 9
​ Lucky Number : 9
​ Lucky Number : 9
​ Lucky Number : 9
​ Lucky Number : 1
​ Lucky Number : 9
​ Lucky Number : 9
​ Lucky Number : 9
​ Lucky Number : 9
​ Lucky Number : 9
​ Lucky Number : 9
​ Lucky Number : 9
​ Lucky Number : 9
​ Lucky Number : 1
​ Lucky Number : 9
​ Lucky Number : 9
​ Lucky Number : 9
​ Lucky Number : 9
​ Lucky Number : 9
​ Lucky Number : 9
​ Lucky Number : 9
​ Lucky Number : 9
​ Lucky Number : 1
​ Lucky Number : 9
​ Lucky Number : 9
​ Lucky Number : 9
​ Lucky Number : 9
​ Lucky Number : 9
​ Lucky Number : 9
​ Lucky Number : 9
​ Lucky Number : 9
​ Lucky Number : 1
​ Lucky Number : 9
​ Lucky Number : 9
​ Lucky Number : 9
​ Lucky Number : 9
​ Lucky Number : 9
​ Lucky Number : 9
​ Lucky Number : 9
​ Lucky Number : 9
​ Lucky Number : 1
​ Lucky Number : 9
​ Lucky Number : 9
​ Lucky Number : 9
​ Lucky Number : 9
​ Lucky Number : 9
​ Lucky Number : 9
​ Lucky Number : 9
​ Lucky Number : 9
​ Lucky Number : 1
​ Lucky Number : 9
​ Lucky Number : 9
​ Lucky Number : 9
​ Lucky Number : 9
​ Lucky Number : 9
​ Lucky Number : 9
​ Lucky Number : 9
​ Lucky Number : 9
​ Lucky Number : 1
​ Lucky Number : 9
​ Lucky Number : 9
​ Lucky Number : 9
​ Lucky Number : 9
​ Lucky Number : 9
​ Lucky Number : 9
​ Lucky Number : 9
​ Lucky Number : 9
​ Lucky Number : 1
​ Lucky Number : 9
​ Lucky Number : 9
​ Lucky Number : 9
​ Lucky Number : 9
​ Lucky Number : 9
​ Lucky Number : 9
​ Lucky Number : 9
​ Lucky Number : 9
​ Lucky Number : 1
​ Lucky Number : 9
​ Lucky Number : 9
​ Lucky Number : 9
​ Lucky Number : 9
​ Lucky Number : 9
​ Lucky Number : 9
​ Lucky Number : 9
​ Lucky Number : 9
​ Lucky Number : 1
​ Lucky Number : 9
​ Lucky Number : 9
​ Lucky Number : 9
​ Lucky Number : 9
​ Lucky Number : 9
​ Lucky Number : 9
​ Lucky Number : 9
​ Lucky Number : 9
​ Lucky Number : 1
​ Lucky Number : 9
​ Lucky Number : 9
​ Lucky Number : 9
​ Lucky Number : 9
​ Lucky Number : 9
​ Lucky Number : 9
​ Lucky Number : 9
​ Lucky Number : 9
​ Lucky Number : 1
​ Lucky Number : 9
​ Lucky Number : 9
​ Lucky Number : 9
​ Lucky Number : 9
​ Lucky Number : 9
​ Lucky Number : 9
​ Lucky Number : 9
​ Lucky Number : 9
index.html:130 Lucky Number : 1
index.html:130 Lucky Number : 9
index.html:130 Lucky Number : 9
index.html:130 Lucky Number : 9
index.html:130 Lucky Number : 9
index.html:130 Lucky Number : 9
index.html:130 Lucky Number : 9
index.html:130 Lucky Number : 9
index.html:130 Lucky Number : 9
index.html:130 Lucky Number : 1
index.html:130 Lucky Number : 9
index.html:130 Lucky Number : 9
index.html:130 Lucky Number : 9
index.html:130 Lucky Number : 9
index.html:130 Lucky Number : 9
index.html:130 Lucky Number : 9
index.html:130 Lucky Number : 9
index.html:130 Lucky Number : 9
index.html:130 Lucky Number : 1
index.html:130 Lucky Number : 9
index.html:130 Lucky Number : 9
index.html:130 Lucky Number : 9
index.html:130 Lucky Number : 9
index.html:130 Lucky Number : 9
index.html:130 Lucky Number : 9
index.html:130 Lucky Number : 9
index.html:130 Lucky Number : 9
index.html:130 Lucky Number : 1
index.html:130 Lucky Number : 9
index.html:130 Lucky Number : 9
index.html:130 Lucky Number : 9
index.html:130 Lucky Number : 9
index.html:130 Lucky Number : 9
index.html:130 Lucky Number : 9
index.html:130 Lucky Number : 9
index.html:130 Lucky Number : 9
index.html:130 Lucky Number : 1
index.html:130 Lucky Number : 9
index.html:130 Lucky Number : 9
index.html:130 Lucky Number : 9
index.html:130 Lucky Number : 9
index.html:130 Lucky Number : 9
index.html:130 Lucky Number : 9
index.html:130 Lucky Number : 9
index.html:130 Lucky Number : 9
index.html:130 Lucky Number : 1
index.html:130 Lucky Number : 9
index.html:130 Lucky Number : 9
index.html:130 Lucky Number : 9
index.html:130 Lucky Number : 9
index.html:130 Lucky Number : 9
index.html:130 Lucky Number : 9
index.html:130 Lucky Number : 9
index.html:130 Lucky Number : 9
index.html:130 Lucky Number : 1
index.html:130 Lucky Number : 9
index.html:130 Lucky Number : 9
index.html:130 Lucky Number : 9
index.html:130 Lucky Number : 9
index.html:130 Lucky Number : 9
index.html:130 Lucky Number : 9
index.html:130 Lucky Number : 9
index.html:130 Lucky Number : 9
index.html:130 Lucky Number : 1
index.html:130 Lucky Number : 9
index.html:130 Lucky Number : 9
index.html:130 Lucky Number : 9
index.html:130 Lucky Number : 9
index.html:130 Lucky Number : 9
index.html:130 Lucky Number : 9
index.html:130 Lucky Number : 9
index.html:130 Lucky Number : 9
index.html:130 Lucky Number : 1
index.html:130 Lucky Number : 9
index.html:130 Lucky Number : 9
index.html:130 Lucky Number : 9
index.html:130 Lucky Number : 9
index.html:130 Lucky Number : 9
index.html:130 Lucky Number : 9
index.html:130 Lucky Number : 9
index.html:130 Lucky Number : 9
index.html:130 Lucky Number : 1
index.html:130 Lucky Number : 9
index.html:130 Lucky Number : 9
index.html:130 Lucky Number : 9
index.html:130 Lucky Number : 9
index.html:130 Lucky Number : 9
index.html:130 Lucky Number : 9
index.html:130 Lucky Number : 9
index.html:130 Lucky Number : 9
index.html:130 Lucky Number : 1
index.html:130 Lucky Number : 9
index.html:130 Lucky Number : 9
index.html:130 Lucky Number : 9
index.html:130 Lucky Number : 9
index.html:130 Lucky Number : 9
index.html:130 Lucky Number : 9
index.html:130 Lucky Number : 9
index.html:130 Lucky Number : 9
index.html:130 Lucky Number : 1
index.html:130 Lucky Number : 9
index.html:130 Lucky Number : 9
index.html:130 Lucky Number : 9
index.html:130 Lucky Number : 9
index.html:130 Lucky Number : 9
index.html:130 Lucky Number : 9
index.html:130 Lucky Number : 9
index.html:130 Lucky Number : 9
index.html:130 Lucky Number : 1
index.html:130 Lucky Number : 9
index.html:130 Lucky Number : 9
index.html:130 Lucky Number : 9
index.html:130 Lucky Number : 9
index.html:130 Lucky Number : 9
index.html:130 Lucky Number : 9
index.html:130 Lucky Number : 9
index.html:130 Lucky Number : 9
index.html:130 Lucky Number : 1
index.html:130 Lucky Number : 9
index.html:130 Lucky Number : 9
index.html:130 Lucky Number : 9
index.html:130 Lucky Number : 9
index.html:130 Lucky Number : 9
index.html:130 Lucky Number : 9
index.html:130 Lucky Number : 9
index.html:130 Lucky Number : 9
index.html:130 Lucky Number : 1
index.html:130 Lucky Number : 9
index.html:130 Lucky Number : 9
index.html:130 Lucky Number : 9
index.html:130 Lucky Number : 9
index.html:130 Lucky Number : 9
index.html:130 Lucky Number : 9
index.html:130 Lucky Number : 9
index.html:130 Lucky Number : 9
index.html:130 Lucky Number : 1
index.html:130 Lucky Number : 9
index.html:130 Lucky Number : 9
index.html:130 Lucky Number : 9
index.html:130 Lucky Number : 9
index.html:130 Lucky Number : 9
index.html:130 Lucky Number : 9
index.html:130 Lucky Number : 9
index.html:130 Lucky Number : 9
index.html:130 Lucky Number : 1
index.html:130 Lucky Number : 9
index.html:130 Lucky Number : 9
index.html:130 Lucky Number : 9
index.html:130 Lucky Number : 9
index.html:130 Lucky Number : 9
index.html:130 Lucky Number : 9
index.html:130 Lucky Number : 9
index.html:130 Lucky Number : 9
index.html:130 Lucky Number : 1
index.html:130 Lucky Number : 9
index.html:130 Lucky Number : 9
index.html:130 Lucky Number : 9
index.html:130 Lucky Number : 9
index.html:130 Lucky Number : 9
index.html:130 Lucky Number : 9
index.html:130 Lucky Number : 9
index.html:130 Lucky Number : 9
index.html:130 Lucky Number : 1
index.html:130 Lucky Number : 9
index.html:130 Lucky Number : 9
index.html:130 Lucky Number : 9
index.html:130 Lucky Number : 9
index.html:130 Lucky Number : 9
index.html:130 Lucky Number : 9
index.html:130 Lucky Number : 9
index.html:130 Lucky Number : 9
index.html:130 Lucky Number : 1
index.html:130 Lucky Number : 9
index.html:130 Lucky Number : 9
index.html:130 Lucky Number : 9
index.html:130 Lucky Number : 9
index.html:130 Lucky Number : 9
index.html:130 Lucky Number : 9
index.html:130 Lucky Number : 9
index.html:130 Lucky Number : 9
index.html:130 Lucky Number : 1
index.html:130 Lucky Number : 9
index.html:130 Lucky Number : 9
index.html:130 Lucky Number : 9
index.html:130 Lucky Number : 9
index.html:130 Lucky Number : 9
index.html:130 Lucky Number : 9
index.html:130 Lucky Number : 9
index.html:130 Lucky Number : 9
index.html:130 Lucky Number : 1
index.html:130 Lucky Number : 9
index.html:130 Lucky Number : 9
index.html:130 Lucky Number : 9
index.html:130 Lucky Number : 9
index.html:130 Lucky Number : 9
index.html:130 Lucky Number : 9
index.html:130 Lucky Number : 9
index.html:130 Lucky Number : 9
index.html:130 Lucky Number : 1
index.html:130 Lucky Number : 9
index.html:130 Lucky Number : 9
index.html:130 Lucky Number : 9
index.html:130 Lucky Number : 9
index.html:130 Lucky Number : 9
index.html:130 Lucky Number : 9
index.html:130 Lucky Number : 9
index.html:130 Lucky Number : 9
index.html:130 Lucky Number : 1
index.html:130 Lucky Number : 9
index.html:130 Lucky Number : 9
index.html:130 Lucky Number : 9
index.html:130 Lucky Number : 9
index.html:130 Lucky Number : 9
index.html:130 Lucky Number : 9
index.html:130 Lucky Number : 9
index.html:130 Lucky Number : 9
index.html:130 Lucky Number : 1
index.html:130 Lucky Number : 9
index.html:130 Lucky Number : 9
index.html:130 Lucky Number : 9
index.html:130 Lucky Number : 9
index.html:130 Lucky Number : 9
index.html:130 Lucky Number : 9
index.html:130 Lucky Number : 9
index.html:130 Lucky Number : 9
index.html:130 Lucky Number : 1
index.html:130 Lucky Number : 9
index.html:130 Lucky Number : 9
index.html:130 Lucky Number : 9
index.html:130 Lucky Number : 9
index.html:130 Lucky Number : 9
index.html:130 Lucky Number : 9
index.html:130 Lucky Number : 9
index.html:130 Lucky Number : 9
index.html:130 Lucky Number : 1
index.html:130 Lucky Number : 9
index.html:130 Lucky Number : 9
index.html:130 Lucky Number : 9
index.html:130 Lucky Number : 9
index.html:130 Lucky Number : 9
index.html:130 Lucky Number : 9
index.html:130 Lucky Number : 9
index.html:130 Lucky Number : 9
index.html:130 Lucky Number : 1
index.html:130 Lucky Number : 9
index.html:130 Lucky Number : 9
index.html:130 Lucky Number : 9
index.html:130 Lucky Number : 9
index.html:130 Lucky Number : 9
index.html:130 Lucky Number : 9
index.html:130 Lucky Number : 9
index.html:130 Lucky Number : 9
index.html:130 Lucky Number : 1
index.html:130 Lucky Number : 9
index.html:130 Lucky Number : 9
index.html:130 Lucky Number : 9
index.html:130 Lucky Number : 9
index.html:130 Lucky Number : 9
index.html:130 Lucky Number : 9
index.html:130 Lucky Number : 9
index.html:130 Lucky Number : 9
index.html:130 Lucky Number : 1
index.html:130 Lucky Number : 9
index.html:130 Lucky Number : 9
index.html:130 Lucky Number : 9
index.html:130 Lucky Number : 9
index.html:130 Lucky Number : 9
index.html:130 Lucky Number : 9
index.html:130 Lucky Number : 9
index.html:130 Lucky Number : 9
index.html:130 Lucky Number : 1
index.html:130 Lucky Number : 9
index.html:130 Lucky Number : 9
index.html:130 Lucky Number : 9
index.html:130 Lucky Number : 9
index.html:130 Lucky Number : 9
index.html:130 Lucky Number : 9
index.html:130 Lucky Number : 9
index.html:130 Lucky Number : 9
index.html:130 Lucky Number : 1
index.html:130 Lucky Number : 9
index.html:130 Lucky Number : 9
index.html:130 Lucky Number : 9
index.html:130 Lucky Number : 9
index.html:130 Lucky Number : 9
index.html:130 Lucky Number : 9
index.html:130 Lucky Number : 9
index.html:130 Lucky Number : 9
index.html:130 Lucky Number : 1
index.html:130 Lucky Number : 9
index.html:130 Lucky Number : 9
index.html:130 Lucky Number : 9
index.html:130 Lucky Number : 9
index.html:130 Lucky Number : 9
index.html:130 Lucky Number : 9
index.html:130 Lucky Number : 9
index.html:130 Lucky Number : 9
index.html:130 Lucky Number : 1
index.html:130 Lucky Number : 9
index.html:130 Lucky Number : 9
index.html:130 Lucky Number : 9
index.html:130 Lucky Number : 9
index.html:130 Lucky Number : 9
index.html:130 Lucky Number : 9
index.html:130 Lucky Number : 9
index.html:130 Lucky Number : 9
index.html:130 Lucky Number : 1
